[1723752792.856][INFO]: Starting ChromeDriver 127.0.6533.119 (bdef6783a05f0b3f885591e7d2c7b2aec1a89dea-refs/branch-heads/6533@{#1999}) on port 26702
[1723752792.856][INFO]: Please see https://chromedriver.chromium.org/security-considerations for suggestions on keeping ChromeDriver safe.
[1723752792.957][INFO]: [8411fbd9e9a40c834ebf3c1c094d404c] COMMAND InitSession {
   "capabilities": {
      "firstMatch": [ {
         "browserName": "chrome",
         "goog:chromeOptions": {
            "args": [ "--remote-allow-origins=*" ],
            "binary": "C:\\Program Files\\Google\\Chrome\\Application\\chrome.exe",
            "extensions": [  ]
         },
         "goog:loggingPrefs": {
            "browser": "ALL",
            "driver": "ALL"
         }
      } ]
   }
}
[1723752792.958][INFO]: Populating Preferences file: {
   "alternate_error_pages": {
      "enabled": false
   },
   "autofill": {
      "enabled": false
   },
   "browser": {
      "check_default_browser": false
   },
   "distribution": {
      "import_bookmarks": false,
      "import_history": false,
      "import_search_engine": false,
      "make_chrome_default_for_user": false,
      "skip_first_run_ui": true
   },
   "dns_prefetching": {
      "enabled": false
   },
   "profile": {
      "content_settings": {
         "pattern_pairs": {
            "https://*,*": {
               "media-stream": {
                  "audio": "Default",
                  "video": "Default"
               }
            }
         }
      },
      "default_content_setting_values": {
         "geolocation": 1
      },
      "default_content_settings": {
         "geolocation": 1,
         "mouselock": 1,
         "notifications": 1,
         "popups": 1,
         "ppapi-broker": 1
      },
      "password_manager_enabled": false
   },
   "safebrowsing": {
      "enabled": false
   },
   "search": {
      "suggest_enabled": false
   },
   "translate": {
      "enabled": false
   }
}
[1723752792.959][INFO]: Populating Local State file: {
   "background_mode": {
      "enabled": false
   },
   "ssl": {
      "rev_checking": {
         "enabled": false
      }
   }
}
[1723752792.960][INFO]: ChromeDriver supports communication with Chrome via pipes. This is more reliable and more secure.
[1723752792.960][INFO]: Use the --remote-debugging-pipe Chrome switch instead of the default --remote-debugging-port to enable this communication mode.
[1723752792.961][INFO]: Launching chrome: "C:\Program Files\Google\Chrome\Application\chrome.exe" --allow-pre-commit-input --disable-background-networking --disable-backgrounding-occluded-windows --disable-client-side-phishing-detection --disable-default-apps --disable-hang-monitor --disable-popup-blocking --disable-prompt-on-repost --disable-sync --enable-automation --enable-logging --log-level=0 --no-first-run --no-service-autorun --password-store=basic --remote-allow-origins=* --remote-debugging-port=0 --test-type=webdriver --use-mock-keychain --user-data-dir="C:\Users\ashis\AppData\Local\Temp\scoped_dir28276_1425322214" data:,
[1723752793.532][INFO]: resolved localhost to ["::1","127.0.0.1"]
[1723752793.535][INFO]: [8411fbd9e9a40c834ebf3c1c094d404c] RESPONSE InitSession {
   "capabilities": {
      "acceptInsecureCerts": false,
      "browserName": "chrome",
      "browserVersion": "127.0.6533.120",
      "chrome": {
         "chromedriverVersion": "127.0.6533.119 (bdef6783a05f0b3f885591e7d2c7b2aec1a89dea-refs/branch-heads/6533@{#1999})",
         "userDataDir": "C:\\Users\\ashis\\AppData\\Local\\Temp\\scoped_dir28276_1425322214"
      },
      "fedcm:accounts": true,
      "goog:chromeOptions": {
         "debuggerAddress": "localhost:49458"
      },
      "networkConnectionEnabled": false,
      "pageLoadStrategy": "normal",
      "platformName": "windows",
      "proxy": {
      },
      "setWindowRect": true,
      "strictFileInteractability": false,
      "timeouts": {
         "implicit": 0,
         "pageLoad": 300000,
         "script": 30000
      },
      "unhandledPromptBehavior": "dismiss and notify",
      "webauthn:extension:credBlob": true,
      "webauthn:extension:largeBlob": true,
      "webauthn:extension:minPinLength": true,
      "webauthn:extension:prf": true,
      "webauthn:virtualAuthenticators": true
   },
   "sessionId": "8411fbd9e9a40c834ebf3c1c094d404c"
}
[1723752793.645][INFO]: [8411fbd9e9a40c834ebf3c1c094d404c] COMMAND MaximizeWindow {
}
[1723752793.645][INFO]: Waiting for pending navigations...
[1723752793.647][INFO]: Done waiting for pending navigations. Status: ok
[1723752793.683][INFO]: Waiting for pending navigations...
[1723752793.684][INFO]: Done waiting for pending navigations. Status: ok
[1723752793.684][INFO]: [8411fbd9e9a40c834ebf3c1c094d404c] RESPONSE MaximizeWindow {
   "height": 832,
   "width": 1552,
   "x": -8,
   "y": -8
}
[1723752793.688][INFO]: [8411fbd9e9a40c834ebf3c1c094d404c] COMMAND SetTimeouts {
   "implicit": 2000
}
[1723752793.688][INFO]: [8411fbd9e9a40c834ebf3c1c094d404c] RESPONSE SetTimeouts
[1723752797.702][INFO]: [8411fbd9e9a40c834ebf3c1c094d404c] COMMAND Navigate {
   "url": "https://docs.google.com/forms/d/e/1FAIpQLSep9LTMntH5YqIXa5nkiPKSs283kdwitBBhXWyZdAS-e4CxBQ/viewform"
}
[1723752797.702][INFO]: Waiting for pending navigations...
[1723752797.703][INFO]: Done waiting for pending navigations. Status: ok
[1723752798.828][INFO]: Waiting for pending navigations...
[1723752800.250][INFO]: Done waiting for pending navigations. Status: ok
[1723752800.250][INFO]: [8411fbd9e9a40c834ebf3c1c094d404c] RESPONSE Navigate
[1723752800.253][INFO]: [8411fbd9e9a40c834ebf3c1c094d404c] COMMAND FindElement {
   "using": "xpath",
   "value": "//div[@class='Xb9hP']/input[@data-initial-dir='auto']"
}
[1723752800.253][INFO]: Waiting for pending navigations...
[1723752800.254][INFO]: Done waiting for pending navigations. Status: ok
[1723752800.263][INFO]: Waiting for pending navigations...
[1723752800.263][INFO]: Done waiting for pending navigations. Status: ok
[1723752800.263][INFO]: [8411fbd9e9a40c834ebf3c1c094d404c] RESPONSE FindElement {
   "element-6066-11e4-a52e-4f735466cecf": "f.C9F383698E9B0E23B4AD1C9C5A0C7F3F.d.91C4340D410B7876FC07500887C94F4A.e.3"
}
[1723752800.270][INFO]: [8411fbd9e9a40c834ebf3c1c094d404c] COMMAND TypeElement {
   "id": "f.C9F383698E9B0E23B4AD1C9C5A0C7F3F.d.91C4340D410B7876FC07500887C94F4A.e.3",
   "text": "Test",
   "value": [ "T", "e", "s", "t" ]
}
[1723752800.270][INFO]: Waiting for pending navigations...
[1723752800.270][INFO]: Done waiting for pending navigations. Status: ok
[1723752800.300][INFO]: Waiting for pending navigations...
[1723752800.301][INFO]: Done waiting for pending navigations. Status: ok
[1723752800.301][INFO]: [8411fbd9e9a40c834ebf3c1c094d404c] RESPONSE TypeElement ERROR element not interactable
  (Session info: chrome=127.0.6533.120)
[1723752800.311][INFO]: [8411fbd9e9a40c834ebf3c1c094d404c] COMMAND FindElement {
   "using": "xpath",
   "value": "//textarea[@jsname='YPqjbf']"
}
[1723752800.311][INFO]: Waiting for pending navigations...
[1723752800.312][INFO]: Done waiting for pending navigations. Status: ok
[1723752800.320][INFO]: Waiting for pending navigations...
[1723752800.320][INFO]: Done waiting for pending navigations. Status: ok
[1723752800.320][INFO]: [8411fbd9e9a40c834ebf3c1c094d404c] RESPONSE FindElement {
   "element-6066-11e4-a52e-4f735466cecf": "f.C9F383698E9B0E23B4AD1C9C5A0C7F3F.d.91C4340D410B7876FC07500887C94F4A.e.5"
}
[1723752802.339][INFO]: [8411fbd9e9a40c834ebf3c1c094d404c] COMMAND TypeElement {
   "id": "f.C9F383698E9B0E23B4AD1C9C5A0C7F3F.d.91C4340D410B7876FC07500887C94F4A.e.5",
   "text": "I want to be the best QA Engineer 1723752800",
   "value": [ "I", " ", "w", "a", "n", "t", " ", "t", "o", " ", "b", "e", " ", "t", "h", "e", " ", "b", "e", "s", "t", " ", "Q", "A", " ", "E", "n", "g", "i", "n", "e", "e", "r", " ", "1", "7", "2", "3", "7", "5", "2", "8", "0", "0" ]
}
[1723752802.339][INFO]: Waiting for pending navigations...
[1723752802.340][INFO]: Done waiting for pending navigations. Status: ok
[1723752802.448][INFO]: Waiting for pending navigations...
[1723752802.464][INFO]: Done waiting for pending navigations. Status: ok
[1723752802.464][INFO]: [8411fbd9e9a40c834ebf3c1c094d404c] RESPONSE TypeElement
[1723752804.471][INFO]: [8411fbd9e9a40c834ebf3c1c094d404c] COMMAND FindElement {
   "using": "xpath",
   "value": "//span[contains(@class,'OvPDhc') and contains(text(),'3 - 5')]/../../..//div[@class='vd3tt']"
}
[1723752804.471][INFO]: Waiting for pending navigations...
[1723752804.471][INFO]: Done waiting for pending navigations. Status: ok
[1723752804.478][INFO]: Waiting for pending navigations...
[1723752804.479][INFO]: Done waiting for pending navigations. Status: ok
[1723752804.479][INFO]: [8411fbd9e9a40c834ebf3c1c094d404c] RESPONSE FindElement {
   "element-6066-11e4-a52e-4f735466cecf": "f.C9F383698E9B0E23B4AD1C9C5A0C7F3F.d.91C4340D410B7876FC07500887C94F4A.e.25"
}
[1723752804.481][INFO]: [8411fbd9e9a40c834ebf3c1c094d404c] COMMAND ClickElement {
   "id": "f.C9F383698E9B0E23B4AD1C9C5A0C7F3F.d.91C4340D410B7876FC07500887C94F4A.e.25"
}
[1723752804.481][INFO]: Waiting for pending navigations...
[1723752804.481][INFO]: Done waiting for pending navigations. Status: ok
[1723752804.515][INFO]: Waiting for pending navigations...
[1723752804.517][INFO]: Done waiting for pending navigations. Status: ok
[1723752804.517][INFO]: [8411fbd9e9a40c834ebf3c1c094d404c] RESPONSE ClickElement
[1723752806.530][INFO]: [8411fbd9e9a40c834ebf3c1c094d404c] COMMAND FindElement {
   "using": "xpath",
   "value": "//span[contains(@class,'n5vBHf') and contains(text(),'Java')]/../../preceding-sibling::div[contains(@id,'i')]"
}
[1723752806.530][INFO]: [8411fbd9e9a40c834ebf3c1c094d404c] RESPONSE FindElement ERROR no such window: target window already closed
from unknown error: web view not found
  (Session info: chrome=127.0.6533.120)
[1723752806.533][INFO]: [8411fbd9e9a40c834ebf3c1c094d404c] COMMAND FindElement {
   "using": "xpath",
   "value": "//div[contains(@class,'t9kgXb')]"
}
[1723752806.533][INFO]: [8411fbd9e9a40c834ebf3c1c094d404c] RESPONSE FindElement ERROR no such window: target window already closed
from unknown error: web view not found
  (Session info: chrome=127.0.6533.120)
[1723752806.536][INFO]: [8411fbd9e9a40c834ebf3c1c094d404c] COMMAND FindElement {
   "using": "xpath",
   "value": "//input[@type='date']"
}
[1723752806.536][INFO]: [8411fbd9e9a40c834ebf3c1c094d404c] RESPONSE FindElement ERROR no such window: target window already closed
from unknown error: web view not found
  (Session info: chrome=127.0.6533.120)
[1723752806.540][INFO]: [8411fbd9e9a40c834ebf3c1c094d404c] COMMAND FindElement {
   "using": "xpath",
   "value": "//input[contains(@role,'combobox')]"
}
[1723752806.540][INFO]: [8411fbd9e9a40c834ebf3c1c094d404c] RESPONSE FindElement ERROR no such window: target window already closed
from unknown error: web view not found
  (Session info: chrome=127.0.6533.120)
[1723752806.543][INFO]: [8411fbd9e9a40c834ebf3c1c094d404c] COMMAND FindElement {
   "using": "xpath",
   "value": "//span[contains(text(),'Submit')]"
}
[1723752806.543][INFO]: [8411fbd9e9a40c834ebf3c1c094d404c] RESPONSE FindElement ERROR no such window: target window already closed
from unknown error: web view not found
  (Session info: chrome=127.0.6533.120)
[1723752806.547][INFO]: [8411fbd9e9a40c834ebf3c1c094d404c] COMMAND FindElement {
   "using": "xpath",
   "value": "//div[@class='vHW8K']"
}
[1723752806.547][INFO]: [8411fbd9e9a40c834ebf3c1c094d404c] RESPONSE FindElement ERROR no such window: target window already closed
from unknown error: web view not found
  (Session info: chrome=127.0.6533.120)
[1723752806.550][INFO]: [8411fbd9e9a40c834ebf3c1c094d404c] COMMAND CloseWindow {
}
[1723752806.550][INFO]: [8411fbd9e9a40c834ebf3c1c094d404c] RESPONSE CloseWindow ERROR disconnected: not connected to DevTools
  (failed to check if window was closed: disconnected: not connected to DevTools)
  (Session info: chrome=127.0.6533.120)
